<?xml version="1.0" encoding="UTF-8"?>
<!-- Generated by org.testng.reporters.JUnitReportReporter -->
<testsuite hostname="DESKTOP-KJE4NV2" name="challengersnewpackage.NewTest" tests="1" failures="0" timestamp="11 May 2017 10:50:44 GMT" time="5.170" errors="0">
  <testcase name="testEasy" time="5.170" classname="challengersnewpackage.NewTest"/>
</testsuite> <!-- challengersnewpackage.NewTest -->
