<?xml version="1.0" encoding="UTF-8"?>
<!-- Generated by org.testng.reporters.JUnitReportReporter -->
<testsuite hostname="DESKTOP-KJE4NV2" name="challengersnewpackage.NewTest" tests="1" failures="0" timestamp="11 May 2017 13:21:56 GMT" time="4.901" errors="0">
  <testcase name="testEasy" time="4.901" classname="challengersnewpackage.NewTest"/>
</testsuite> <!-- challengersnewpackage.NewTest -->
